Build started 3/15/2016 8:14:59 PM.
     1>Project "E:\anik study\semister\8th sem (17)\computer grapics ( IMTIAZ MASUD ZIKO)\project 2\3D snacks game\3D_snacks.vcxproj" on node 2 (build target(s)).
     1>InitializeBuildStatus:
         Creating "Debug\3D_snacks.unsuccessfulbuild" because "AlwaysCreate" was specified.
       ClCompile:
         C:\Program Files\Microsoft Visual Studio 10.0\VC\bin\CL.exe /c /Zi /nologo /W3 /WX- /Od /Oy- /D WIN32 /D _DEBUG /D _CONSOLE /Gm /EHsc /RTC1 /MDd /GS /fp:precise /Zc:wchar_t /Zc:forScope /Fo"Debug\\" /Fd"Debug\vc100.pdb" /Gd /TP /analyze- /errorReport:prompt snacks.cpp
         snacks.cpp
     1>snacks.cpp(122): warning C4101: 'tmp_str' : unreferenced local variable
     1>snacks.cpp(134): warning C4101: 'tmp_str' : unreferenced local variable
     1>snacks.cpp(205): warning C4996: 'sprintf': This function or variable may be unsafe. Consider using sprintf_s instead. To disable deprecation, use _CRT_SECURE_NO_WARNINGS. See online help for details.
                 C:\Program Files\Microsoft Visual Studio 10.0\VC\include\stdio.h(371) : see declaration of 'sprintf'
       ManifestResourceCompile:
         All outputs are up-to-date.
       Link:
         C:\Program Files\Microsoft Visual Studio 10.0\VC\bin\link.exe /ERRORREPORT:PROMPT /OUT:"E:\anik study\semister\8th sem (17)\computer grapics ( IMTIAZ MASUD ZIKO)\project 2\3D snacks game\Debug\3D_snacks.exe" /INCREMENTAL /NOLOGO kernel32.lib user32.lib gdi32.lib winspool.lib comdlg32.lib advapi32.lib shell32.lib ole32.lib oleaut32.lib uuid.lib odbc32.lib odbccp32.lib /MANIFEST /ManifestFile:"Debug\3D_snacks.exe.intermediate.manifest" /MANIFESTUAC:"level='asInvoker' uiAccess='false'" /DEBUG /PDB:"E:\anik study\semister\8th sem (17)\computer grapics ( IMTIAZ MASUD ZIKO)\project 2\3D snacks game\Debug\3D_snacks.pdb" /SUBSYSTEM:CONSOLE /TLBID:1 /DYNAMICBASE /NXCOMPAT /IMPLIB:"E:\anik study\semister\8th sem (17)\computer grapics ( IMTIAZ MASUD ZIKO)\project 2\3D snacks game\Debug\3D_snacks.lib" /MACHINE:X86 Debug\3D_snacks.exe.embed.manifest.res
         Debug\snacks.obj
       Manifest:
         C:\Program Files\Microsoft SDKs\Windows\v7.0A\bin\mt.exe /nologo /verbose /out:"Debug\3D_snacks.exe.embed.manifest" /manifest Debug\3D_snacks.exe.intermediate.manifest
         All outputs are up-to-date.
       LinkEmbedManifest:
         All outputs are up-to-date.
         3D_snacks.vcxproj -> E:\anik study\semister\8th sem (17)\computer grapics ( IMTIAZ MASUD ZIKO)\project 2\3D snacks game\Debug\3D_snacks.exe
       FinalizeBuildStatus:
         Deleting file "Debug\3D_snacks.unsuccessfulbuild".
         Touching "Debug\3D_snacks.lastbuildstate".
     1>Done Building Project "E:\anik study\semister\8th sem (17)\computer grapics ( IMTIAZ MASUD ZIKO)\project 2\3D snacks game\3D_snacks.vcxproj" (build target(s)).

Build succeeded.

Time Elapsed 00:00:01.35
